<?xml version="1.0" encoding="utf-8"?>
<assemblies timestamp="09/13/2022 15:48:10">
  <assembly name="C:\Users\SteevesSaillant\source\repos\XUnit_CSharp_Example\CRMTests\bin\Debug\netcoreapp3.1\CRMTests.dll" run-date="2022-09-13" run-time="15:48:10" total="10" passed="10" failed="0" skipped="0" time="0.064" errors="0">
    <errors />
    <collection total="10" passed="10" failed="0" skipped="0" name="Test collection for SimpleCRM.CustomerOperationsFeature" time="0.064">
      <test name="SimpleCRM.CustomerOperationsFeature.DeleteCustomerFromCRMFailsWhenNotFound" type="SimpleCRM.CustomerOperationsFeature" method="DeleteCustomerFromCRMFailsWhenNotFound" time="0.0498910" result="Pass">
        <traits />
      </test>
      <test name="SimpleCRM.CustomerOperationsFeature.DeleteCustomerFromCRMFailsWhenNotFound" type="SimpleCRM.CustomerOperationsFeature" method="DeleteCustomerFromCRMFailsWhenNotFound" time="0.0030577" result="Pass">
        <traits />
      </test>
      <test name="SimpleCRM.CustomerOperationsFeature.DeleteCustomerFromCRMFailsWhenNotFound" type="SimpleCRM.CustomerOperationsFeature" method="DeleteCustomerFromCRMFailsWhenNotFound" time="0.0033732" result="Pass">
        <traits />
      </test>
      <test name="SimpleCRM.CustomerOperationsFeature.Controller_Throws_Argument_Null_Exception_When_Repo_Is_Null" type="SimpleCRM.CustomerOperationsFeature" method="Controller_Throws_Argument_Null_Exception_When_Repo_Is_Null" time="0.0012558" result="Pass">
        <traits />
      </test>
      <test name="SimpleCRM.CustomerOperationsFeature.PostCustomerToCRM" type="SimpleCRM.CustomerOperationsFeature" method="PostCustomerToCRM" time="0.0010737" result="Pass">
        <traits />
      </test>
      <test name="SimpleCRM.CustomerOperationsFeature.PostCustomerToCRM" type="SimpleCRM.CustomerOperationsFeature" method="PostCustomerToCRM" time="0.0004755" result="Pass">
        <traits />
      </test>
      <test name="SimpleCRM.CustomerOperationsFeature.PostCustomerToCRM" type="SimpleCRM.CustomerOperationsFeature" method="PostCustomerToCRM" time="0.0032302" result="Pass">
        <traits />
      </test>
      <test name="SimpleCRM.CustomerOperationsFeature.DeleteCustomerFromCRM" type="SimpleCRM.CustomerOperationsFeature" method="DeleteCustomerFromCRM" time="0.0009946" result="Pass">
        <traits />
      </test>
      <test name="SimpleCRM.CustomerOperationsFeature.DeleteCustomerFromCRM" type="SimpleCRM.CustomerOperationsFeature" method="DeleteCustomerFromCRM" time="0.0001204" result="Pass">
        <traits />
      </test>
      <test name="SimpleCRM.CustomerOperationsFeature.DeleteCustomerFromCRM" type="SimpleCRM.CustomerOperationsFeature" method="DeleteCustomerFromCRM" time="0.0005018" result="Pass">
        <traits />
      </test>
    </collection>
  </assembly>
</assemblies>